<?xml version="1.0" encoding="UTF-8"?>
<testng-results ignored="0" total="1" passed="1" failed="0" skipped="0">
  <reporter-output>
  </reporter-output>
  <suite started-at="2024-04-12T18:17:01 IST" name="Surefire suite" finished-at="2024-04-12T18:17:01 IST" duration-ms="41">
    <groups>
    </groups>
    <test started-at="2024-04-12T18:17:01 IST" name="Surefire test" finished-at="2024-04-12T18:17:01 IST" duration-ms="41">
      <class name="qn2.qn2.AppTest">
        <test-method signature="testApp()[pri:0, instance:testApp(qn2.qn2.AppTest)]" started-at="2024-04-12T18:17:01 IST" name="testApp" finished-at="2024-04-12T18:17:01 IST" duration-ms="5" status="PASS">
          <reporter-output>
          </reporter-output>
        </test-method> <!-- testApp -->
      </class> <!-- qn2.qn2.AppTest -->
    </test> <!-- Surefire test -->
  </suite> <!-- Surefire suite -->
</testng-results>
